<?xml version="1.0" encoding="UTF-8"?>
<!-- Generated by org.testng.reporters.JUnitReportReporter -->
<testsuite hostname="UTSA-PC" name="MavenTest" tests="1" failures="0" timestamp="9 Jan 2019 09:58:46 GMT" time="0.010" errors="0">
  <testcase name="printText" time="0.010" classname="MavenTest"/>
</testsuite> <!-- MavenTest -->
