<?xml version="1.0" encoding="UTF-8"?>
<!-- Generated by org.testng.reporters.JUnitReportReporter -->
<testsuite skipped="0" hostname="UTSA-PC" name="MavenTest" tests="1" failures="0" timestamp="09 Jan 2019 09:53:57 GMT" time="0.009" errors="0">
  <testcase name="printText" time="0.009" classname="MavenTest"/>
</testsuite> <!-- MavenTest -->
